--------------------Moonraker Log Start--------------------
data_path: /home/klippy/printer_data
is_default_data_path: False
config_file: /home/klippy/printer_data/config/moonraker.conf
startup_warnings: []
verbose: False
debug: False
asyncio_debug: False
is_backup_config: False
log_file: /home/klippy/printer_data/logs/moonraker.log
software_version: v0.7.1-807-gdb81607
python_version: 3.9.16 (main, Jan 18 2023, 02:15:08)  [GCC 10.2.1 20210110]

#################### Moonraker Configuration ####################

[server]
host = 0.0.0.0
port = 7125

[machine]
provider = none
validate_service = False

[authorization]
cors_domains = 
	http://*.local
	http://*
trusted_clients = 
	10.0.0.0/8
	127.0.0.0/8
	169.254.0.0/16
	172.16.0.0/12
	192.168.0.0/16
	FE80::/10
	::1/128

[octoprint_compat]

[history]

[update_manager]

#################################################################
All Configuration Files:
/home/klippy/printer_data/config/moonraker.conf
#################################################################
Unsafe Shutdown Count: 8

System Info:

***python***
  version: sys.version_info(major=3, minor=9, micro=16, releaselevel='final', serial=0)
  version_string: 3.9.16 (main, Jan 18 2023, 02:15:08)  [GCC 10.2.1 20210110]

***cpu_info***
  cpu_count: 4
  bits: 64bit
  processor: x86_64
  cpu_desc: Intel(R) Core(TM) i5-6500 CPU @ 3.20GHz
  serial_number: 
  hardware_desc: 
  model: 
  total_memory: 16268312
  memory_units: kB

***sd_info***

***distribution***
  name: Debian GNU/Linux 11 (bullseye)
  id: debian
  version: 11
  version_parts: {'major': '11', 'minor': '', 'build_number': ''}
  like: 
  codename: bullseye
  release_info: {}

***virtualization***
  virt_type: container
  virt_identifier: docker

***network***

***canbus***

***Allowed Services***
  klipper_mcu
  webcamd
  MoonCord
  KlipperScreen
  moonraker-telegram-bot
  moonraker-obico
  sonar
  crowsnest
Klipper Version: v0.11.0-86-g6026a99a
2023-01-21 09:03:30,541 [websockets.py:write_to_socket()] - Websocket closed while writing: 139902263043984
2023-01-21 09:03:35,467 [websockets.py:on_close()] - Websocket Closed: ID: 139902263043984 Close Code: None, Close Reason: None, Pong Time Elapsed: 45.00
2023-01-21 21:39:52,988 [authorization.py:_check_trusted_connection()] - Trusted Connection Detected, IP: 192.168.1.143
2023-01-21 21:39:53,603 [app.py:log_request()] - 101 GET /websocket?token=3MITENXVXCNZJE7NBZBNTD5FWAYLUMSN (192.168.1.143) [_TRUSTED_USER_] 2.45ms
2023-01-21 21:39:53,603 [websockets.py:open()] - Websocket Opened: ID: 139902263043312, Proxied: False, User Agent: Mozilla/5.0 (X11; Linux x86_64) AppleWebKit/537.36 (KHTML, like Gecko) Chrome/109.0.0.0 Safari/537.36, Host Name: 192.168.1.173
2023-01-21 21:39:53,627 [websockets.py:_handle_identify()] - Websocket 139902263043312 Client Identified - Name: fluidd, Version: 1.23.0-f67487f, Type: web
2023-01-21 21:39:53,629 [file_manager.py:get_file_list()] - Updating File List <config>...
2023-01-21 21:45:03,746 [websockets.py:write_to_socket()] - Websocket closed while writing: 139902263043312
2023-01-21 21:45:08,607 [websockets.py:on_close()] - Websocket Closed: ID: 139902263043312 Close Code: None, Close Reason: None, Pong Time Elapsed: 44.98
2023-01-21 22:40:18,619 [authorization.py:_prune_conn_handler()] - Trusted Connection Expired, IP: 192.168.1.143
